<?xml version="1.0" encoding="UTF-8"?>
<!-- Generated by org.testng.reporters.JUnitReportReporter -->
<testsuite hostname="CHETUIWK0525" failures="0" tests="1" name="testClasses.B_LoginTest" time="14.319" errors="0" timestamp="2023-11-25T14:02:58 IST" skipped="0">
  <testcase classname="testClasses.B_LoginTest" name="login" time="14.319"/>
  <system-out/>
</testsuite> <!-- testClasses.B_LoginTest -->
